----------------------------------------
Timestamp: 10.01.2012 17:10:03

Message: Start App


----------------------------------------
----------------------------------------
Timestamp: 10.01.2012 17:14:39

Message: Start App


----------------------------------------
----------------------------------------
Timestamp: 10.01.2012 17:41:53

Message: Start App


----------------------------------------
----------------------------------------
Timestamp: 10.01.2012 17:50:04

Message: System.Web.HttpCompileException (0x80004005): d:\Projects\tfs-monator - копия\Monator\DCT.Monitor.Server\Views\Account\LogOn.cshtml(57): error CS0433: The type 'DCT.Monitor.Modules.Implementation.ProviderModule.ProviderModule' exists in both 'c:\Windows\Microsoft.NET\Framework64\v4.0.30319\Temporary ASP.NET Files\root\15d12187\4d8c2ae6\assembly\dl3\518a2c76\7cc1080d_bacfcc01\DCT.Monitor.Modules.Implementation.DLL' and 'c:\Windows\Microsoft.NET\Framework64\v4.0.30319\Temporary ASP.NET Files\root\15d12187\4d8c2ae6\assembly\dl3\b2f77bb7\205e8dad_76cfcc01\Inetgiant.Monitor.Modules.Implementation.DLL'
   at System.Web.Compilation.AssemblyBuilder.Compile()
   at System.Web.Compilation.BuildProvidersCompiler.PerformBuild()
   at System.Web.Compilation.BuildManager.CompileWebFile(VirtualPath virtualPath)
   at System.Web.Compilation.BuildManager.GetVPathBuildResultInternal(VirtualPath virtualPath, Boolean noBuild, Boolean allowCrossApp, Boolean allowBuildInPrecompile, Boolean throwIfNotFound, Boolean ensureIsUpToDate)
   at System.Web.Compilation.BuildManager.GetVPathBuildResultWithNoAssert(HttpContext context, VirtualPath virtualPath, Boolean noBuild, Boolean allowCrossApp, Boolean allowBuildInPrecompile, Boolean throwIfNotFound, Boolean ensureIsUpToDate)
   at System.Web.Compilation.BuildManager.GetVirtualPathObjectFactory(VirtualPath virtualPath, HttpContext context, Boolean allowCrossApp, Boolean throwIfNotFound)
   at System.Web.Mvc.BuildManagerWrapper.System.Web.Mvc.IBuildManager.FileExists(String virtualPath)
   at System.Web.Mvc.VirtualPathProviderViewEngine.GetPathFromGeneralName(ControllerContext controllerContext, List`1 locations, String name, String controllerName, String areaName, String cacheKey, String[]& searchedLocations)
   at System.Web.Mvc.VirtualPathProviderViewEngine.GetPath(ControllerContext controllerContext, String[] locations, String[] areaLocations, String locationsPropertyName, String name, String controllerName, String cacheKeyPrefix, Boolean useCache, String[]& searchedLocations)
   at System.Web.Mvc.VirtualPathProviderViewEngine.FindView(ControllerContext controllerContext, String viewName, String masterName, Boolean useCache)
   at System.Web.Mvc.ViewEngineCollection.<>c__DisplayClassc.<FindView>b__b(IViewEngine e)
   at System.Web.Mvc.ViewEngineCollection.Find(Func`2 lookup, Boolean trackSearchedPaths)
   at System.Web.Mvc.ViewResult.FindView(ControllerContext context)
   at System.Web.Mvc.ViewResultBase.ExecuteResult(ControllerContext context)
   at System.Web.Mvc.ControllerActionInvoker.<>c__DisplayClass1c.<InvokeActionResultWithFilters>b__19()
   at System.Web.Mvc.ControllerActionInvoker.InvokeActionResultFilter(IResultFilter filter, ResultExecutingContext preContext, Func`1 continuation)
   at System.Web.Mvc.ControllerActionInvoker.InvokeActionResultWithFilters(ControllerContext controllerContext, IList`1 filters, ActionResult actionResult)
   at System.Web.Mvc.ControllerActionInvoker.InvokeAction(ControllerContext controllerContext, String actionName)
   at System.Web.Mvc.Controller.ExecuteCore()
   at System.Web.Mvc.ControllerBase.Execute(RequestContext requestContext)
   at DCT.Monitor.Server.Controllers.BaseController.Execute(RequestContext requestContext) in D:\Projects\tfs-monator - копия\Monator\DCT.Monitor.Server\Controllers\BaseController.cs:line 60
   at System.Web.Mvc.MvcHandler.<>c__DisplayClass6.<>c__DisplayClassb.<BeginProcessRequest>b__5()
   at System.Web.Mvc.Async.AsyncResultWrapper.<>c__DisplayClass1.<MakeVoidDelegate>b__0()
   at System.Web.Mvc.MvcHandler.<>c__DisplayClasse.<EndProcessRequest>b__d()
   at System.Web.HttpApplication.CallHandlerExecutionStep.System.Web.HttpApplication.IExecutionStep.Execute()
   at System.Web.HttpApplication.ExecuteStep(IExecutionStep step, Boolean& completedSynchronously)


----------------------------------------
----------------------------------------
Timestamp: 11.01.2012 12:05:48

Message: Start App


----------------------------------------
----------------------------------------
Timestamp: 11.01.2012 12:48:30

Message: Start App


----------------------------------------
----------------------------------------
Timestamp: 11.01.2012 13:09:00

Message: Start App


----------------------------------------
----------------------------------------
Timestamp: 11.01.2012 13:09:48

Message: Start App


----------------------------------------
----------------------------------------
Timestamp: 11.01.2012 13:36:01

Message: Start App


----------------------------------------
----------------------------------------
Timestamp: 11.01.2012 13:37:04

Message: Start App


----------------------------------------
----------------------------------------
Timestamp: 11.01.2012 13:37:10

Message: Start App


----------------------------------------
